timestamp: 2015-11-28T16:49:26.685036
CREATE TABLE auth_user(
    id INTEGER PRIMARY KEY AUTOINCREMENT,
    first_name CHAR(128),
    last_name CHAR(128),
    email CHAR(512),
    password CHAR(512),
    registration_key CHAR(512),
    reset_password_key CHAR(512),
    registration_id CHAR(512)
);
success!
timestamp: 2015-11-28T16:49:26.803109
CREATE TABLE auth_group(
    id INTEGER PRIMARY KEY AUTOINCREMENT,
    role CHAR(512),
    description TEXT
);
success!
timestamp: 2015-11-28T16:49:26.905039
CREATE TABLE auth_membership(
    id INTEGER PRIMARY KEY AUTOINCREMENT,
    user_id INTEGER REFERENCES auth_user (id) ON DELETE CASCADE  ,
    group_id INTEGER REFERENCES auth_group (id) ON DELETE CASCADE  
);
success!
timestamp: 2015-11-28T16:49:27.029370
CREATE TABLE auth_permission(
    id INTEGER PRIMARY KEY AUTOINCREMENT,
    group_id INTEGER REFERENCES auth_group (id) ON DELETE CASCADE  ,
    name CHAR(512),
    table_name CHAR(512),
    record_id INTEGER
);
success!
timestamp: 2015-11-28T16:49:27.153479
CREATE TABLE auth_event(
    id INTEGER PRIMARY KEY AUTOINCREMENT,
    time_stamp TIMESTAMP,
    client_ip CHAR(512),
    user_id INTEGER REFERENCES auth_user (id) ON DELETE CASCADE  ,
    origin CHAR(512),
    description TEXT
);
success!
timestamp: 2015-11-28T16:49:27.277603
CREATE TABLE auth_cas(
    id INTEGER PRIMARY KEY AUTOINCREMENT,
    user_id INTEGER REFERENCES auth_user (id) ON DELETE CASCADE  ,
    created_on TIMESTAMP,
    service CHAR(512),
    ticket CHAR(512),
    renew CHAR(1)
);
success!
timestamp: 2015-11-28T16:49:27.405078
CREATE TABLE topics(
    id INTEGER PRIMARY KEY AUTOINCREMENT,
    name CHAR(512),
    subtopic CHAR(512)
);
success!
timestamp: 2015-11-28T16:49:27.503961
CREATE TABLE tr_user(
    id INTEGER PRIMARY KEY AUTOINCREMENT,
    user_id INTEGER REFERENCES auth_user (id) ON DELETE CASCADE  ,
    name CHAR(512),
    joined TIMESTAMP,
    email CHAR(512),
    topic INTEGER REFERENCES topics (id) ON DELETE CASCADE  
);
success!
timestamp: 2015-11-28T16:50:09.350762
CREATE TABLE papers(
    id INTEGER PRIMARY KEY AUTOINCREMENT,
    title CHAR(512),
    author CHAR(512),
    topic INTEGER REFERENCES topics (id) ON DELETE CASCADE  ,
    submission_time TIMESTAMP,
    abstract TEXT,
    summary TEXT,
    avg_quality DOUBLE,
    num_reviews INTEGER
);
success!
timestamp: 2015-11-28T16:50:40.132007
CREATE TABLE reviews(
    id INTEGER PRIMARY KEY AUTOINCREMENT,
    creation_date TIMESTAMP,
    reviewer INTEGER REFERENCES tr_user (id) ON DELETE CASCADE  ,
    grade DOUBLE,
    review_content TEXT,
    paper INTEGER REFERENCES papers (id) ON DELETE CASCADE  
);
success!
